mode: set
github.com/dragonzurfer/strategy/CPR/cpr.go:33.139,45.2 10 1
github.com/dragonzurfer/strategy/CPR/cpr_levels.go:9.86,11.34 2 1
github.com/dragonzurfer/strategy/CPR/cpr_levels.go:15.2,15.24 1 1
github.com/dragonzurfer/strategy/CPR/cpr_levels.go:11.34,14.3 2 1
github.com/dragonzurfer/strategy/CPR/cpr_levels.go:18.84,36.2 10 1
github.com/dragonzurfer/strategy/CPR/cpr_levels.go:38.74,58.2 7 1
github.com/dragonzurfer/strategy/CPR/cpr_levels.go:60.67,64.38 2 1
github.com/dragonzurfer/strategy/CPR/cpr_levels.go:87.2,87.26 1 1
github.com/dragonzurfer/strategy/CPR/cpr_levels.go:64.38,67.27 2 1
github.com/dragonzurfer/strategy/CPR/cpr_levels.go:74.3,85.69 4 1
github.com/dragonzurfer/strategy/CPR/cpr_levels.go:67.27,71.4 3 1
github.com/dragonzurfer/strategy/CPR/cpr_levels.go:90.67,124.39 14 1
github.com/dragonzurfer/strategy/CPR/cpr_levels.go:129.2,129.15 1 1
github.com/dragonzurfer/strategy/CPR/cpr_levels.go:124.39,128.3 3 1
github.com/dragonzurfer/strategy/CPR/extended_cpr_candles.go:9.76,13.30 3 1
github.com/dragonzurfer/strategy/CPR/extended_cpr_candles.go:19.2,21.25 2 1
github.com/dragonzurfer/strategy/CPR/extended_cpr_candles.go:13.30,17.3 3 0
github.com/dragonzurfer/strategy/CPR/levels.go:22.81,24.55 1 1
github.com/dragonzurfer/strategy/CPR/levels.go:28.2,28.55 1 1
github.com/dragonzurfer/strategy/CPR/levels.go:31.2,31.14 1 1
github.com/dragonzurfer/strategy/CPR/levels.go:24.55,26.3 1 1
github.com/dragonzurfer/strategy/CPR/levels.go:28.55,30.3 1 1
github.com/dragonzurfer/strategy/CPR/signal.go:12.83,14.51 2 1
github.com/dragonzurfer/strategy/CPR/signal.go:20.2,20.22 1 1
github.com/dragonzurfer/strategy/CPR/signal.go:14.51,19.3 2 1
github.com/dragonzurfer/strategy/CPR/signal.go:23.80,24.101 1 1
github.com/dragonzurfer/strategy/CPR/signal.go:31.2,31.35 1 1
github.com/dragonzurfer/strategy/CPR/signal.go:39.2,45.33 4 1
github.com/dragonzurfer/strategy/CPR/signal.go:50.2,50.43 1 1
github.com/dragonzurfer/strategy/CPR/signal.go:56.2,56.37 1 1
github.com/dragonzurfer/strategy/CPR/signal.go:62.2,62.43 1 1
github.com/dragonzurfer/strategy/CPR/signal.go:68.2,68.70 1 1
github.com/dragonzurfer/strategy/CPR/signal.go:74.2,74.74 1 1
github.com/dragonzurfer/strategy/CPR/signal.go:79.2,79.18 1 1
github.com/dragonzurfer/strategy/CPR/signal.go:24.101,30.3 1 1
github.com/dragonzurfer/strategy/CPR/signal.go:31.35,38.3 1 1
github.com/dragonzurfer/strategy/CPR/signal.go:45.33,48.3 2 1
github.com/dragonzurfer/strategy/CPR/signal.go:50.43,54.3 3 1
github.com/dragonzurfer/strategy/CPR/signal.go:56.37,60.3 3 1
github.com/dragonzurfer/strategy/CPR/signal.go:62.43,66.3 3 1
github.com/dragonzurfer/strategy/CPR/signal.go:68.70,72.3 3 1
github.com/dragonzurfer/strategy/CPR/signal.go:74.74,78.3 3 1
github.com/dragonzurfer/strategy/CPR/signal.go:82.56,85.48 2 1
github.com/dragonzurfer/strategy/CPR/signal.go:89.2,89.58 1 1
github.com/dragonzurfer/strategy/CPR/signal.go:85.48,87.3 1 1
github.com/dragonzurfer/strategy/CPR/signal.go:92.61,101.2 1 1
github.com/dragonzurfer/strategy/CPR/signal.go:103.44,104.42 1 1
github.com/dragonzurfer/strategy/CPR/signal.go:104.42,106.3 1 1
github.com/dragonzurfer/strategy/CPR/signal.go:109.93,112.28 2 1
github.com/dragonzurfer/strategy/CPR/signal.go:121.2,121.27 1 1
github.com/dragonzurfer/strategy/CPR/signal.go:129.2,129.22 1 1
github.com/dragonzurfer/strategy/CPR/signal.go:112.28,114.33 1 1
github.com/dragonzurfer/strategy/CPR/signal.go:119.3,119.19 1 0
github.com/dragonzurfer/strategy/CPR/signal.go:114.33,115.32 1 1
github.com/dragonzurfer/strategy/CPR/signal.go:115.32,117.5 1 1
github.com/dragonzurfer/strategy/CPR/signal.go:121.27,122.39 1 1
github.com/dragonzurfer/strategy/CPR/signal.go:127.3,127.12 1 0
github.com/dragonzurfer/strategy/CPR/signal.go:122.39,123.64 1 1
github.com/dragonzurfer/strategy/CPR/signal.go:123.64,125.5 1 1
github.com/dragonzurfer/strategy/CPR/signal.go:132.112,133.27 1 1
github.com/dragonzurfer/strategy/CPR/signal.go:138.2,139.42 2 1
github.com/dragonzurfer/strategy/CPR/signal.go:142.2,142.41 1 1
github.com/dragonzurfer/strategy/CPR/signal.go:133.27,135.3 1 1
github.com/dragonzurfer/strategy/CPR/signal.go:135.8,135.35 1 1
github.com/dragonzurfer/strategy/CPR/signal.go:135.35,137.3 1 1
github.com/dragonzurfer/strategy/CPR/signal.go:139.42,141.3 1 1
github.com/dragonzurfer/strategy/CPR/signal.go:142.41,144.3 1 1
github.com/dragonzurfer/strategy/CPR/signal.go:147.55,149.2 1 1
github.com/dragonzurfer/strategy/CPR/signal.go:151.63,152.30 1 1
github.com/dragonzurfer/strategy/CPR/signal.go:152.30,154.3 1 1
github.com/dragonzurfer/strategy/CPR/signal.go:154.8,156.3 1 1
github.com/dragonzurfer/strategy/CPR/signal.go:159.67,160.32 1 1
github.com/dragonzurfer/strategy/CPR/signal.go:160.32,162.3 1 1
github.com/dragonzurfer/strategy/CPR/signal.go:162.8,164.3 1 1
github.com/dragonzurfer/strategy/CPR/signal.go:167.42,171.2 3 1
github.com/dragonzurfer/strategy/CPR/signal.go:174.54,175.36 1 1
github.com/dragonzurfer/strategy/CPR/signal.go:175.36,177.3 1 1
github.com/dragonzurfer/strategy/CPR/signal.go:177.8,179.3 1 1
