mode: set
github.com/dragonzurfer/strategy/CPR/cpr.go:32.105,43.2 9 1
github.com/dragonzurfer/strategy/CPR/cpr_levels.go:9.86,11.34 2 1
github.com/dragonzurfer/strategy/CPR/cpr_levels.go:15.2,15.24 1 1
github.com/dragonzurfer/strategy/CPR/cpr_levels.go:11.34,14.3 2 1
github.com/dragonzurfer/strategy/CPR/cpr_levels.go:18.84,36.2 10 1
github.com/dragonzurfer/strategy/CPR/cpr_levels.go:38.74,58.2 7 1
github.com/dragonzurfer/strategy/CPR/cpr_levels.go:60.67,64.38 2 1
github.com/dragonzurfer/strategy/CPR/cpr_levels.go:87.2,87.26 1 1
github.com/dragonzurfer/strategy/CPR/cpr_levels.go:64.38,67.27 2 1
github.com/dragonzurfer/strategy/CPR/cpr_levels.go:74.3,85.69 4 1
github.com/dragonzurfer/strategy/CPR/cpr_levels.go:67.27,71.4 3 1
github.com/dragonzurfer/strategy/CPR/cpr_levels.go:90.67,124.39 14 1
github.com/dragonzurfer/strategy/CPR/cpr_levels.go:129.2,129.15 1 1
github.com/dragonzurfer/strategy/CPR/cpr_levels.go:124.39,128.3 3 1
github.com/dragonzurfer/strategy/CPR/extended_cpr_candles.go:9.76,13.30 3 1
github.com/dragonzurfer/strategy/CPR/extended_cpr_candles.go:19.2,21.25 2 1
github.com/dragonzurfer/strategy/CPR/extended_cpr_candles.go:13.30,17.3 3 0
github.com/dragonzurfer/strategy/CPR/levels.go:22.81,24.55 1 1
github.com/dragonzurfer/strategy/CPR/levels.go:28.2,28.55 1 1
github.com/dragonzurfer/strategy/CPR/levels.go:31.2,31.14 1 1
github.com/dragonzurfer/strategy/CPR/levels.go:24.55,26.3 1 1
github.com/dragonzurfer/strategy/CPR/levels.go:28.55,30.3 1 1
github.com/dragonzurfer/strategy/CPR/signal.go:12.83,14.51 2 1
github.com/dragonzurfer/strategy/CPR/signal.go:20.2,20.22 1 1
github.com/dragonzurfer/strategy/CPR/signal.go:14.51,19.3 2 1
github.com/dragonzurfer/strategy/CPR/signal.go:23.80,29.33 4 1
github.com/dragonzurfer/strategy/CPR/signal.go:34.2,34.37 1 1
github.com/dragonzurfer/strategy/CPR/signal.go:39.2,39.43 1 1
github.com/dragonzurfer/strategy/CPR/signal.go:44.2,44.70 1 1
github.com/dragonzurfer/strategy/CPR/signal.go:49.2,49.18 1 1
github.com/dragonzurfer/strategy/CPR/signal.go:29.33,32.3 2 1
github.com/dragonzurfer/strategy/CPR/signal.go:34.37,37.3 2 1
github.com/dragonzurfer/strategy/CPR/signal.go:39.43,42.3 2 1
github.com/dragonzurfer/strategy/CPR/signal.go:44.70,47.3 2 1
github.com/dragonzurfer/strategy/CPR/signal.go:52.56,55.48 2 1
github.com/dragonzurfer/strategy/CPR/signal.go:59.2,59.58 1 1
github.com/dragonzurfer/strategy/CPR/signal.go:55.48,57.3 1 1
github.com/dragonzurfer/strategy/CPR/signal.go:62.61,71.2 1 1
github.com/dragonzurfer/strategy/CPR/signal.go:73.44,74.42 1 1
github.com/dragonzurfer/strategy/CPR/signal.go:74.42,76.3 1 1
github.com/dragonzurfer/strategy/CPR/signal.go:79.93,82.28 2 1
github.com/dragonzurfer/strategy/CPR/signal.go:91.2,91.27 1 1
github.com/dragonzurfer/strategy/CPR/signal.go:99.2,99.22 1 0
github.com/dragonzurfer/strategy/CPR/signal.go:82.28,84.33 1 1
github.com/dragonzurfer/strategy/CPR/signal.go:89.3,89.19 1 0
github.com/dragonzurfer/strategy/CPR/signal.go:84.33,85.32 1 1
github.com/dragonzurfer/strategy/CPR/signal.go:85.32,87.5 1 1
github.com/dragonzurfer/strategy/CPR/signal.go:91.27,92.39 1 1
github.com/dragonzurfer/strategy/CPR/signal.go:97.3,97.12 1 0
github.com/dragonzurfer/strategy/CPR/signal.go:92.39,93.64 1 1
github.com/dragonzurfer/strategy/CPR/signal.go:93.64,95.5 1 1
github.com/dragonzurfer/strategy/CPR/signal.go:102.112,103.27 1 1
github.com/dragonzurfer/strategy/CPR/signal.go:108.2,109.42 2 1
github.com/dragonzurfer/strategy/CPR/signal.go:112.2,112.41 1 1
github.com/dragonzurfer/strategy/CPR/signal.go:103.27,105.3 1 1
github.com/dragonzurfer/strategy/CPR/signal.go:105.8,105.35 1 1
github.com/dragonzurfer/strategy/CPR/signal.go:105.35,107.3 1 1
github.com/dragonzurfer/strategy/CPR/signal.go:109.42,111.3 1 1
github.com/dragonzurfer/strategy/CPR/signal.go:112.41,114.3 1 1
github.com/dragonzurfer/strategy/CPR/signal.go:117.55,119.2 1 1
github.com/dragonzurfer/strategy/CPR/signal.go:121.63,122.30 1 1
github.com/dragonzurfer/strategy/CPR/signal.go:122.30,124.3 1 1
github.com/dragonzurfer/strategy/CPR/signal.go:124.8,126.3 1 1
github.com/dragonzurfer/strategy/CPR/signal.go:129.42,133.2 3 1
